2023-03-24 12:29:43,476 [Worker-1: Loading available Gradle versions] INFO  o.e.b.c.i.u.g.PublishedGradleVersions - Gradle version information cache is out-of-date. Trying to update.
2023-03-24 12:33:15,118 [Worker-39: Launching mavenrun-532515d6-161e-4b60-9778-1966723f3e46] INFO  o.eclipse.m2e.core.internal.Bundles - getClasspathEntries(Bundle=org.eclipse.m2e.maven.runtime_3.8.604.20221130-2149 [605])
2023-03-24 12:33:15,127 [Worker-39: Launching mavenrun-532515d6-161e-4b60-9778-1966723f3e46] INFO  o.eclipse.m2e.core.internal.Bundles - 	Entry: C:\Users\jeeja\.p2\pool\plugins\org.eclipse.m2e.maven.runtime_3.8.604.20221130-2149
2023-03-24 12:33:15,127 [Worker-39: Launching mavenrun-532515d6-161e-4b60-9778-1966723f3e46] INFO  o.eclipse.m2e.core.internal.Bundles - 	Entry: C:\Users\jeeja\.p2\pool\plugins\org.eclipse.m2e.maven.runtime_3.8.604.20221130-2149\jars\aether-connector-okhttp-0.17.8.jar
2023-03-24 12:33:15,128 [Worker-39: Launching mavenrun-532515d6-161e-4b60-9778-1966723f3e46] INFO  o.eclipse.m2e.core.internal.Bundles - 	Entry: C:\Users\jeeja\.p2\pool\plugins\org.eclipse.m2e.maven.runtime_3.8.604.20221130-2149\jars\commons-cli-1.4.jar
2023-03-24 12:33:15,128 [Worker-39: Launching mavenrun-532515d6-161e-4b60-9778-1966723f3e46] INFO  o.eclipse.m2e.core.internal.Bundles - 	Entry: C:\Users\jeeja\.p2\pool\plugins\org.eclipse.m2e.maven.runtime_3.8.604.20221130-2149\jars\commons-io-2.6.jar
2023-03-24 12:33:15,128 [Worker-39: Launching mavenrun-532515d6-161e-4b60-9778-1966723f3e46] INFO  o.eclipse.m2e.core.internal.Bundles - 	Entry: C:\Users\jeeja\.p2\pool\plugins\org.eclipse.m2e.maven.runtime_3.8.604.20221130-2149\jars\commons-lang3-3.8.1.jar
2023-03-24 12:33:15,128 [Worker-39: Launching mavenrun-532515d6-161e-4b60-9778-1966723f3e46] INFO  o.eclipse.m2e.core.internal.Bundles - 	Entry: C:\Users\jeeja\.p2\pool\plugins\org.eclipse.m2e.maven.runtime_3.8.604.20221130-2149\jars\guice-4.2.2-no_aop.jar
2023-03-24 12:33:15,128 [Worker-39: Launching mavenrun-532515d6-161e-4b60-9778-1966723f3e46] INFO  o.eclipse.m2e.core.internal.Bundles - 	Entry: C:\Users\jeeja\.p2\pool\plugins\org.eclipse.m2e.maven.runtime_3.8.604.20221130-2149\jars\jansi-2.4.0.jar
2023-03-24 12:33:15,128 [Worker-39: Launching mavenrun-532515d6-161e-4b60-9778-1966723f3e46] INFO  o.eclipse.m2e.core.internal.Bundles - 	Entry: C:\Users\jeeja\.p2\pool\plugins\org.eclipse.m2e.maven.runtime_3.8.604.20221130-2149\jars\maven-artifact-3.8.6.jar
2023-03-24 12:33:15,128 [Worker-39: Launching mavenrun-532515d6-161e-4b60-9778-1966723f3e46] INFO  o.eclipse.m2e.core.internal.Bundles - 	Entry: C:\Users\jeeja\.p2\pool\plugins\org.eclipse.m2e.maven.runtime_3.8.604.20221130-2149\jars\maven-builder-support-3.8.6.jar
2023-03-24 12:33:15,128 [Worker-39: Launching mavenrun-532515d6-161e-4b60-9778-1966723f3e46] INFO  o.eclipse.m2e.core.internal.Bundles - 	Entry: C:\Users\jeeja\.p2\pool\plugins\org.eclipse.m2e.maven.runtime_3.8.604.20221130-2149\jars\maven-compat-3.8.6.jar
2023-03-24 12:33:15,128 [Worker-39: Launching mavenrun-532515d6-161e-4b60-9778-1966723f3e46] INFO  o.eclipse.m2e.core.internal.Bundles - 	Entry: C:\Users\jeeja\.p2\pool\plugins\org.eclipse.m2e.maven.runtime_3.8.604.20221130-2149\jars\maven-core-3.8.6.jar
2023-03-24 12:33:15,128 [Worker-39: Launching mavenrun-532515d6-161e-4b60-9778-1966723f3e46] INFO  o.eclipse.m2e.core.internal.Bundles - 	Entry: C:\Users\jeeja\.p2\pool\plugins\org.eclipse.m2e.maven.runtime_3.8.604.20221130-2149\jars\maven-embedder-3.8.6.jar
2023-03-24 12:33:15,129 [Worker-39: Launching mavenrun-532515d6-161e-4b60-9778-1966723f3e46] INFO  o.eclipse.m2e.core.internal.Bundles - 	Entry: C:\Users\jeeja\.p2\pool\plugins\org.eclipse.m2e.maven.runtime_3.8.604.20221130-2149\jars\maven-model-3.8.6.jar
2023-03-24 12:33:15,129 [Worker-39: Launching mavenrun-532515d6-161e-4b60-9778-1966723f3e46] INFO  o.eclipse.m2e.core.internal.Bundles - 	Entry: C:\Users\jeeja\.p2\pool\plugins\org.eclipse.m2e.maven.runtime_3.8.604.20221130-2149\jars\maven-model-builder-3.8.6.jar
2023-03-24 12:33:15,129 [Worker-39: Launching mavenrun-532515d6-161e-4b60-9778-1966723f3e46] INFO  o.eclipse.m2e.core.internal.Bundles - 	Entry: C:\Users\jeeja\.p2\pool\plugins\org.eclipse.m2e.maven.runtime_3.8.604.20221130-2149\jars\maven-plugin-api-3.8.6.jar
2023-03-24 12:33:15,129 [Worker-39: Launching mavenrun-532515d6-161e-4b60-9778-1966723f3e46] INFO  o.eclipse.m2e.core.internal.Bundles - 	Entry: C:\Users\jeeja\.p2\pool\plugins\org.eclipse.m2e.maven.runtime_3.8.604.20221130-2149\jars\maven-repository-metadata-3.8.6.jar
2023-03-24 12:33:15,129 [Worker-39: Launching mavenrun-532515d6-161e-4b60-9778-1966723f3e46] INFO  o.eclipse.m2e.core.internal.Bundles - 	Entry: C:\Users\jeeja\.p2\pool\plugins\org.eclipse.m2e.maven.runtime_3.8.604.20221130-2149\jars\maven-resolver-api-1.6.3.jar
2023-03-24 12:33:15,129 [Worker-39: Launching mavenrun-532515d6-161e-4b60-9778-1966723f3e46] INFO  o.eclipse.m2e.core.internal.Bundles - 	Entry: C:\Users\jeeja\.p2\pool\plugins\org.eclipse.m2e.maven.runtime_3.8.604.20221130-2149\jars\maven-resolver-connector-basic-1.6.3.jar
2023-03-24 12:33:15,129 [Worker-39: Launching mavenrun-532515d6-161e-4b60-9778-1966723f3e46] INFO  o.eclipse.m2e.core.internal.Bundles - 	Entry: C:\Users\jeeja\.p2\pool\plugins\org.eclipse.m2e.maven.runtime_3.8.604.20221130-2149\jars\maven-resolver-impl-1.6.3.jar
2023-03-24 12:33:15,129 [Worker-39: Launching mavenrun-532515d6-161e-4b60-9778-1966723f3e46] INFO  o.eclipse.m2e.core.internal.Bundles - 	Entry: C:\Users\jeeja\.p2\pool\plugins\org.eclipse.m2e.maven.runtime_3.8.604.20221130-2149\jars\maven-resolver-provider-3.8.6.jar
2023-03-24 12:33:15,129 [Worker-39: Launching mavenrun-532515d6-161e-4b60-9778-1966723f3e46] INFO  o.eclipse.m2e.core.internal.Bundles - 	Entry: C:\Users\jeeja\.p2\pool\plugins\org.eclipse.m2e.maven.runtime_3.8.604.20221130-2149\jars\maven-resolver-spi-1.6.3.jar
2023-03-24 12:33:15,129 [Worker-39: Launching mavenrun-532515d6-161e-4b60-9778-1966723f3e46] INFO  o.eclipse.m2e.core.internal.Bundles - 	Entry: C:\Users\jeeja\.p2\pool\plugins\org.eclipse.m2e.maven.runtime_3.8.604.20221130-2149\jars\maven-resolver-transport-wagon-1.6.3.jar
2023-03-24 12:33:15,130 [Worker-39: Launching mavenrun-532515d6-161e-4b60-9778-1966723f3e46] INFO  o.eclipse.m2e.core.internal.Bundles - 	Entry: C:\Users\jeeja\.p2\pool\plugins\org.eclipse.m2e.maven.runtime_3.8.604.20221130-2149\jars\maven-resolver-util-1.6.3.jar
2023-03-24 12:33:15,130 [Worker-39: Launching mavenrun-532515d6-161e-4b60-9778-1966723f3e46] INFO  o.eclipse.m2e.core.internal.Bundles - 	Entry: C:\Users\jeeja\.p2\pool\plugins\org.eclipse.m2e.maven.runtime_3.8.604.20221130-2149\jars\maven-settings-3.8.6.jar
2023-03-24 12:33:15,130 [Worker-39: Launching mavenrun-532515d6-161e-4b60-9778-1966723f3e46] INFO  o.eclipse.m2e.core.internal.Bundles - 	Entry: C:\Users\jeeja\.p2\pool\plugins\org.eclipse.m2e.maven.runtime_3.8.604.20221130-2149\jars\maven-settings-builder-3.8.6.jar
2023-03-24 12:33:15,130 [Worker-39: Launching mavenrun-532515d6-161e-4b60-9778-1966723f3e46] INFO  o.eclipse.m2e.core.internal.Bundles - 	Entry: C:\Users\jeeja\.p2\pool\plugins\org.eclipse.m2e.maven.runtime_3.8.604.20221130-2149\jars\maven-shared-utils-3.3.4.jar
2023-03-24 12:33:15,130 [Worker-39: Launching mavenrun-532515d6-161e-4b60-9778-1966723f3e46] INFO  o.eclipse.m2e.core.internal.Bundles - 	Entry: C:\Users\jeeja\.p2\pool\plugins\org.eclipse.m2e.maven.runtime_3.8.604.20221130-2149\jars\okhttp-3.14.1.jar
2023-03-24 12:33:15,130 [Worker-39: Launching mavenrun-532515d6-161e-4b60-9778-1966723f3e46] INFO  o.eclipse.m2e.core.internal.Bundles - 	Entry: C:\Users\jeeja\.p2\pool\plugins\org.eclipse.m2e.maven.runtime_3.8.604.20221130-2149\jars\okio-1.17.3.jar
2023-03-24 12:33:15,130 [Worker-39: Launching mavenrun-532515d6-161e-4b60-9778-1966723f3e46] INFO  o.eclipse.m2e.core.internal.Bundles - 	Entry: C:\Users\jeeja\.p2\pool\plugins\org.eclipse.m2e.maven.runtime_3.8.604.20221130-2149\jars\org.eclipse.sisu.inject-0.3.5.jar
2023-03-24 12:33:15,130 [Worker-39: Launching mavenrun-532515d6-161e-4b60-9778-1966723f3e46] INFO  o.eclipse.m2e.core.internal.Bundles - 	Entry: C:\Users\jeeja\.p2\pool\plugins\org.eclipse.m2e.maven.runtime_3.8.604.20221130-2149\jars\org.eclipse.sisu.plexus-0.3.5.jar
2023-03-24 12:33:15,130 [Worker-39: Launching mavenrun-532515d6-161e-4b60-9778-1966723f3e46] INFO  o.eclipse.m2e.core.internal.Bundles - 	Entry: C:\Users\jeeja\.p2\pool\plugins\org.eclipse.m2e.maven.runtime_3.8.604.20221130-2149\jars\plexus-build-api-0.0.7.jar
2023-03-24 12:33:15,130 [Worker-39: Launching mavenrun-532515d6-161e-4b60-9778-1966723f3e46] INFO  o.eclipse.m2e.core.internal.Bundles - 	Entry: C:\Users\jeeja\.p2\pool\plugins\org.eclipse.m2e.maven.runtime_3.8.604.20221130-2149\jars\plexus-cipher-2.0.jar
2023-03-24 12:33:15,131 [Worker-39: Launching mavenrun-532515d6-161e-4b60-9778-1966723f3e46] INFO  o.eclipse.m2e.core.internal.Bundles - 	Entry: C:\Users\jeeja\.p2\pool\plugins\org.eclipse.m2e.maven.runtime_3.8.604.20221130-2149\jars\plexus-classworlds-2.6.0.jar
2023-03-24 12:33:15,131 [Worker-39: Launching mavenrun-532515d6-161e-4b60-9778-1966723f3e46] INFO  o.eclipse.m2e.core.internal.Bundles - 	Entry: C:\Users\jeeja\.p2\pool\plugins\org.eclipse.m2e.maven.runtime_3.8.604.20221130-2149\jars\plexus-component-annotations-2.1.0.jar
2023-03-24 12:33:15,131 [Worker-39: Launching mavenrun-532515d6-161e-4b60-9778-1966723f3e46] INFO  o.eclipse.m2e.core.internal.Bundles - 	Entry: C:\Users\jeeja\.p2\pool\plugins\org.eclipse.m2e.maven.runtime_3.8.604.20221130-2149\jars\plexus-interpolation-1.26.jar
2023-03-24 12:33:15,131 [Worker-39: Launching mavenrun-532515d6-161e-4b60-9778-1966723f3e46] INFO  o.eclipse.m2e.core.internal.Bundles - 	Entry: C:\Users\jeeja\.p2\pool\plugins\org.eclipse.m2e.maven.runtime_3.8.604.20221130-2149\jars\plexus-sec-dispatcher-2.0.jar
2023-03-24 12:33:15,131 [Worker-39: Launching mavenrun-532515d6-161e-4b60-9778-1966723f3e46] INFO  o.eclipse.m2e.core.internal.Bundles - 	Entry: C:\Users\jeeja\.p2\pool\plugins\org.eclipse.m2e.maven.runtime_3.8.604.20221130-2149\jars\plexus-utils-3.3.1.jar
2023-03-24 12:33:15,131 [Worker-39: Launching mavenrun-532515d6-161e-4b60-9778-1966723f3e46] INFO  o.eclipse.m2e.core.internal.Bundles - 	Entry: C:\Users\jeeja\.p2\pool\plugins\org.eclipse.m2e.maven.runtime_3.8.604.20221130-2149\jars\wagon-file-3.5.1.jar
2023-03-24 12:33:15,131 [Worker-39: Launching mavenrun-532515d6-161e-4b60-9778-1966723f3e46] INFO  o.eclipse.m2e.core.internal.Bundles - 	Entry: C:\Users\jeeja\.p2\pool\plugins\org.eclipse.m2e.maven.runtime_3.8.604.20221130-2149\jars\wagon-provider-api-3.5.1.jar
2023-03-24 12:33:15,134 [Worker-39: Launching mavenrun-532515d6-161e-4b60-9778-1966723f3e46] INFO  o.eclipse.m2e.core.internal.Bundles - getClasspathEntries(Bundle=com.google.guava_30.1.0.v20221112-0806 [10])
2023-03-24 12:33:15,135 [Worker-39: Launching mavenrun-532515d6-161e-4b60-9778-1966723f3e46] INFO  o.eclipse.m2e.core.internal.Bundles - 	Entry: C:\Users\jeeja\.p2\pool\plugins\com.google.guava_30.1.0.v20221112-0806.jar
2023-03-24 12:33:15,135 [Worker-39: Launching mavenrun-532515d6-161e-4b60-9778-1966723f3e46] INFO  o.eclipse.m2e.core.internal.Bundles - getClasspathEntries(Bundle=slf4j.api_1.7.36 [917])
2023-03-24 12:33:15,136 [Worker-39: Launching mavenrun-532515d6-161e-4b60-9778-1966723f3e46] INFO  o.eclipse.m2e.core.internal.Bundles - 	Entry: C:\Users\jeeja\.p2\pool\plugins\slf4j.api_1.7.36.jar
2023-03-24 12:33:15,136 [Worker-39: Launching mavenrun-532515d6-161e-4b60-9778-1966723f3e46] INFO  o.eclipse.m2e.core.internal.Bundles - getClasspathEntries(Bundle=javax.inject_1.0.0.v20220405-0441 [32])
2023-03-24 12:33:15,138 [Worker-39: Launching mavenrun-532515d6-161e-4b60-9778-1966723f3e46] INFO  o.eclipse.m2e.core.internal.Bundles - 	Entry: C:\Users\jeeja\.p2\pool\plugins\javax.inject_1.0.0.v20220405-0441.jar
2023-03-24 12:33:15,138 [Worker-39: Launching mavenrun-532515d6-161e-4b60-9778-1966723f3e46] INFO  o.eclipse.m2e.core.internal.Bundles - getClasspathEntries(Bundle=javax.annotation_1.3.5.v20221112-0806 [30])
2023-03-24 12:33:15,140 [Worker-39: Launching mavenrun-532515d6-161e-4b60-9778-1966723f3e46] INFO  o.eclipse.m2e.core.internal.Bundles - 	Entry: C:\Users\jeeja\.p2\pool\plugins\javax.annotation_1.3.5.v20221112-0806.jar
2023-03-24 12:33:15,151 [Worker-39: Launching mavenrun-532515d6-161e-4b60-9778-1966723f3e46] INFO  o.e.m.i.launch.MavenLaunchDelegate - Run build in "C:\Users\jeeja\AppData\Local\Temp\m2e-archetypeGenerator2973895529438922190":
2023-03-24 12:33:15,154 [Worker-39: Launching mavenrun-532515d6-161e-4b60-9778-1966723f3e46] INFO  o.e.m.i.launch.MavenLaunchDelegate -  mvn  -DarchetypeGroupId=org.apache.maven.archetypes -DarchetypeArtifactId=maven-archetype-quickstart -DarchetypeVersion=1.4 -DgroupId=com.ait -DartifactId=HibernateAssociationOtm -Dversion=0.0.1-SNAPSHOT -Dpackage=com.ait -DoutputDirectory=D:\HIBERNATE\Projects\JPAOneToMany -Dstyle.color=always -U archetype:generate
